Training
Cycle	Mini-batch avg. cost
0	0.347375665254
0	0.33926247883
0	0.308039028046
1	0.34997101632
1	0.279333499553
1	0.36518243221
2	0.337980858706
2	0.306584179268
2	0.350072231858
3	0.322510663634
3	0.365961617914
3	0.306258374082
4	0.32139022112
4	0.345666531838
4	0.327895621613
5	0.34989439508
5	0.324592336235
5	0.320753740816
6	0.338408382408
6	0.335740020095
6	0.32095894713
7	0.348717170578
7	0.374050027151
7	0.272594975692
8	0.355297250836
8	0.342451471312
8	0.297740467659
9	0.327492484933
9	0.31422532139
9	0.353650337346
10	0.367926384774
10	0.31721090263
10	0.310760286582
11	0.344225833757
11	0.310289144202
11	0.341412784005
12	0.325210501048
12	0.329053052508
12	0.342022254592
13	0.352533505017
13	0.321294821838
13	0.322926760153
14	0.347788434957
14	0.298417819481
14	0.350523870008
15	0.322169443699
15	0.346204574464
15	0.32887715358
16	0.330479648506
16	0.345851075117
16	0.321305753601
17	0.355777534935
17	0.342420064753
17	0.299780441318
18	0.344543441189
18	0.346053785251
18	0.307784109197
19	0.330102866116
19	0.318024623687
19	0.350204415217
20	0.37425298967
20	0.303389759212
20	0.321245912257
21	0.345843097945
21	0.328668549062
21	0.325082217574
22	0.327136128269
22	0.325242088517
22	0.34733550604
23	0.328234411059
23	0.341498826003
23	0.330643748381
24	0.343332999476
24	0.316129667326
24	0.341237202551
25	0.348885383949
25	0.324732583959
25	0.327786015573
26	0.33070702006
26	0.339660773829
26	0.331487085912
27	0.363814791883
27	0.309993340898
27	0.328572171883
28	0.348554849956
28	0.326712611527
28	0.327764685852
29	0.330964412095
29	0.311088134722
29	0.361168640014
30	0.344771246963
30	0.335494683163
30	0.323605540643
31	0.340460404275
31	0.330115500711
31	0.33413457719
32	0.325955857578
32	0.344657559184
32	0.334628111509
33	0.339567685223
33	0.334715404201
33	0.33157635438
34	0.303311206458
34	0.355722487908
34	0.346604752825
35	0.327660956849
35	0.365638007866
35	0.313685028282
36	0.333507025328
36	0.326429319287
36	0.347676987099
37	0.350274184819
37	0.310342801751
37	0.347690599841
38	0.347920300455
38	0.331501852411
38	0.329814818982
39	0.320922761583
39	0.332420702813
39	0.356131180719
40	0.343932312528
40	0.349758848574
40	0.316817044267
41	0.317323154444
41	0.345730136722
41	0.348127746867
42	0.340192574142
42	0.357824042281
42	0.313747429213
43	0.354187541425
43	0.331562121771
43	0.326762176641
44	0.333053717249
44	0.332785503296
44	0.347760776726
45	0.337538581216
45	0.343620286649
45	0.333178766638
46	0.32961326194
46	0.352170794186
46	0.333120938664
47	0.358808228294
47	0.332849467866
47	0.324255889952
48	0.339690733555
48	0.343010985585
48	0.334134398001
49	0.344661667229
49	0.326720212669
49	0.346126891718
50	0.327039171612
50	0.337796833663
50	0.353247306393
51	0.331839348571
51	0.350385905095
51	0.337065996637
52	0.343317649811
52	0.322936514959
52	0.353597835314
53	0.332347758658
53	0.330594799715
53	0.35751839676
54	0.333451950283
54	0.350475709334
54	0.337423368766
55	0.3367591892
55	0.331266401668
55	0.354390166522
56	0.335351509074
56	0.346734976153
56	0.341345152206
57	0.33165824315
57	0.3426774055
57	0.350243523675
58	0.344897063185
58	0.342216181782
58	0.338120946322
59	0.341116662742
59	0.33977847127
59	0.345560096139
60	0.343434017947
60	0.33155465739
60	0.35206109716
61	0.347921546932
61	0.33626755325
61	0.34385881821
62	0.343161853439
62	0.344720734415
62	0.341367833869
63	0.340865019928
63	0.344144102224
63	0.345174323519
64	0.343091284737
64	0.34574951546
64	0.341947648566
65	0.338846687279
65	0.34711717805
65	0.346181985571
66	0.342955901084
66	0.348097108721
66	0.342001914812
67	0.346009812399
67	0.343641340419
67	0.344045800975
68	0.35282365791
68	0.335048199993
68	0.34689220138
69	0.346667609308
69	0.344446147074
69	0.344886970687
70	0.337821914531
70	0.34942840177
70	0.349737546975
71	0.345892798721
71	0.34955545841
71	0.342498859525
72	0.349618679277
72	0.339701446267
72	0.349210177197
73	0.343488406268
73	0.346368132009
73	0.349980005329
74	0.3486121011
74	0.344408241807
74	0.347758434136
75	0.346265363921
75	0.34052936277
75	0.354880295072
76	0.346702711047
76	0.350690753988
76	0.345014197829
77	0.346755406457
77	0.350011890957
77	0.346570090165
78	0.352586828254
78	0.343944118514
78	0.348239163129
79	0.347912202518
79	0.349898405552
79	0.347953540699
80	0.343570789232
80	0.346758034895
80	0.35609816585
81	0.352058117225
81	0.344181239604
81	0.351372716826
82	0.352335400402
82	0.3406723508
82	0.355427386685
83	0.354057477642
83	0.347711095753
83	0.347610133512
84	0.354995886442
84	0.345597576687
84	0.349970528193
85	0.34915821871
85	0.347916661292
85	0.354178695637
86	0.351902840992
86	0.350493237375
86	0.349971647948
87	0.351211706031
87	0.351549628898
87	0.350389861057
88	0.344263481411
88	0.363236732628
88	0.346485410647
89	0.343542049257
89	0.348098457222
89	0.363284335629
90	0.347354995163
90	0.356203982972
90	0.352134561882
91	0.350918722107
91	0.361599599474
91	0.344395620641
92	0.347351423982
92	0.352960148285
92	0.357574794981
93	0.350987294703
93	0.355277610922
93	0.352668597796
94	0.344535015714
94	0.360019387075
94	0.354521051439
95	0.357660995991
95	0.352520237218
95	0.350389809798
96	0.356391837739
96	0.345329917725
96	0.359881403975
97	0.357596485761
97	0.355952179083
97	0.348923606376
98	0.353410655278
98	0.346514307644
98	0.363223048955
99	0.355915513283
99	0.351999421318
99	0.356081932723
100	0.355044970155
100	0.359106555927
100	0.350552498716
101	0.351174114303
101	0.351479499119
101	0.363004301078
102	0.353286591906
102	0.349179315462
102	0.363990271321
103	0.355077567503
103	0.358779906462
103	0.353746846881
104	0.356379168085
104	0.359769884023
104	0.351624594206
105	0.344238774161
105	0.361792652138
105	0.36288732969
106	0.350379065882
106	0.354472109143
106	0.365332880581
107	0.361348678102
107	0.363780063542
107	0.345815500422
108	0.359610252546
108	0.353083311765
108	0.358876753122
109	0.360918142576
109	0.356554390452
109	0.355022053226
110	0.361335753574
110	0.358002773286
110	0.353904657161
111	0.371064827564
111	0.349317643311
111	0.353561142402
112	0.34931604744
112	0.358315106528
112	0.367314340954
113	0.352364939908
113	0.362430343927
113	0.360962350917
114	0.358029881598
114	0.360470121531
114	0.358065464345
115	0.36726864907
115	0.343478661661
115	0.366054194475
116	0.346842506697
116	0.367934428537
116	0.362941510575
117	0.373557296054
117	0.355234588621
117	0.349803419553
118	0.363469074592
118	0.349983102145
118	0.365967978416
119	0.359255402967
119	0.348109878608
119	0.372679505944
120	0.373433084367
120	0.354386119217
120	0.352861372219
121	0.347949824318
121	0.387871591278
121	0.345343305317
122	0.355219302047
122	0.366419979537
122	0.360620800488
123	0.359968921176
123	0.36861871341
123	0.354399979538
124	0.349905677778
124	0.375397201353
124	0.358268340582
125	0.373014876144
125	0.344804834996
125	0.366569902829
126	0.356768707761
126	0.368112574251
126	0.360134467108
127	0.353851986757
127	0.372402891903
127	0.359773565519
128	0.348451884104
128	0.378120076635
128	0.360023355091
129	0.353282116834
129	0.372293394515
129	0.361713440376
130	0.361536584205
130	0.366751084948
130	0.359819420239
131	0.33957327735
131	0.380586240254
131	0.368015060902
132	0.363484639471
132	0.370874793145
132	0.355138644523
133	0.360484892353
133	0.34988054478
133	0.379250868157
134	0.360231713733
134	0.358890524626
134	0.371434634928
135	0.366202524913
135	0.358272619515
135	0.367000227037
136	0.371504920202
136	0.372059538787
136	0.348414992419
137	0.374743035315
137	0.364384332926
137	0.353572119132
138	0.373051175298
138	0.365871397304
138	0.354387798768
139	0.362539200754
139	0.372633423043
139	0.358722951538
140	0.365123128347
140	0.35324935071
140	0.375956685816
141	0.362261219053
141	0.360908839959
141	0.371871000508
142	0.387391933868
142	0.343357842905
142	0.36470898532
143	0.357281276123
143	0.38676462649
143	0.35233016842
144	0.369623450658
144	0.366309860555
144	0.361239517876
145	0.380571926835
145	0.350461103465
145	0.366566328478
146	0.378404560713
146	0.358020449124
146	0.361915342159
147	0.337543514987
147	0.361361720757
147	0.399300569495
148	0.366629240117
148	0.347758673727
148	0.384858841617
149	0.372729360294
149	0.369402955235
149	0.357869418545
150	0.384462199693
150	0.367690349505
150	0.348441915282
151	0.364801223384
151	0.358145195147
151	0.378076160877
152	0.382637857164
152	0.346340387456
152	0.372563130228
153	0.370930347588
153	0.354391586348
153	0.377109623877
154	0.338108189761
154	0.387447547075
154	0.376872109616
155	0.365217040584
155	0.386942027345
155	0.35109613944
156	0.376131523023
156	0.373512308655
156	0.35454266797
157	0.381469721525
157	0.363898960561
157	0.358842679274
158	0.373223997036
158	0.354866509715
158	0.376884891706
159	0.353570998168
159	0.383160887132
159	0.369088138962
160	0.365735436088
160	0.358480080034
160	0.381739534187
161	0.368917235351
161	0.354324073443
161	0.383221941496
162	0.367189923073
162	0.36781960809
162	0.372422231486
163	0.360062968632
163	0.355164143983
163	0.39265581832
164	0.348961887807
164	0.380510984509
164	0.378345998053
165	0.348816953088
165	0.378435672471
165	0.381514315827
166	0.368627462133
166	0.367369221168
166	0.37375727304
167	0.370309571891
167	0.384257418408
167	0.355314499692
168	0.359132737754
168	0.346499396525
168	0.404667271943
169	0.385131650131
169	0.345914765931
169	0.379831631306
170	0.394249795304
170	0.346007155117
170	0.371292903941
171	0.354578868892
171	0.371598575519
171	0.385759739242
172	0.383771687682
172	0.352806562795
172	0.37622508558
173	0.365671810394
173	0.378581370706
173	0.368934790333
174	0.363572046035
174	0.391820222545
174	0.358248555189
175	0.359703054631
175	0.372945434641
175	0.381718864421
176	0.387682468148
176	0.366366007857
176	0.360906810935
177	0.377992716599
177	0.399747990172
177	0.337611999138
178	0.37305107563
178	0.356450607208
178	0.386421869477
179	0.389310581107
179	0.37500152737
179	0.351863664407
180	0.400246177205
180	0.346273947423
180	0.369973988786
181	0.364910247987
181	0.378227558419
181	0.374326171568
182	0.371599918689
182	0.382721701287
182	0.363613413953
183	0.380959874926
183	0.354079710491
183	0.383445049861
184	0.365104588995
184	0.387518528371
184	0.366250782815
185	0.357294587975
185	0.374888315233
185	0.386931040908
186	0.398520507017
186	0.350431532633
186	0.370759885368
187	0.386964660293
187	0.381397743778
187	0.351901337648
188	0.351563953739
188	0.381140712474
188	0.388014721585
189	0.355218286156
189	0.389910728435
189	0.37596867776
190	0.358345799366
190	0.408017797353
190	0.355166510555
191	0.356250675694
191	0.37811900066
191	0.387513671166
192	0.400629498885
192	0.357678635332
192	0.364448207963
193	0.35870459409
193	0.414445966841
193	0.34948869566
194	0.372803668973
194	0.404034901011
194	0.346887737918
195	0.39047338359
195	0.387325197044
195	0.346387327212
196	0.375837435343
196	0.38565668247
196	0.363237467339
197	0.365890937341
197	0.379022232233
197	0.379988173333
198	0.379687910086
198	0.382292908438
198	0.363468779035
199	0.389340557449
199	0.367792272587
199	0.369051585506
200	0.385671988752
200	0.350837495674
200	0.389998700078
201	0.37746166815
201	0.383082375703
201	0.366510177192
202	0.389938342166
202	0.351436724328
202	0.386060766191
203	0.400329805126
203	0.382176128086
203	0.345349840295
204	0.409860169073
204	0.355085764878
204	0.363068861169
205	0.381419329736
205	0.388746353921
205	0.358816048707
206	0.396118399954
206	0.360520084857
206	0.372435622955
207	0.363611474828
207	0.366163493088
207	0.399877902833
208	0.370676453422
208	0.394328568511
208	0.365211590142
209	0.377684978401
209	0.361636185575
209	0.391143445418
210	0.371182873922
210	0.377366400872
210	0.382565656839
211	0.375978535162
211	0.385656251038
211	0.369708633617
212	0.380945068306
212	0.398593675004
212	0.352533577961
213	0.401199396606
213	0.353561048086
213	0.377721109868
214	0.370360000871
214	0.383181799426
214	0.379092143795
215	0.380812692396
215	0.350903163725
215	0.401467075699
216	0.405564433429
216	0.36545400511
216	0.362826602003
217	0.374861384362
217	0.368836842937
217	0.390662165575
218	0.351366031977
218	0.409086239209
218	0.374285549535
219	0.397872632394
219	0.369837359597
219	0.36728010439
220	0.362259544731
220	0.397526248127
220	0.37584372337
221	0.343425679878
221	0.416795365391
221	0.375541217107
222	0.398165131236
222	0.355683164723
222	0.382642742147
223	0.37356490464
223	0.392021906693
223	0.371401120242
224	0.380187752592
224	0.368160659678
224	0.38895873493
225	0.376364279077
225	0.375267429689
225	0.386203206078
226	0.35868738939
226	0.39169684142
226	0.387860660935
227	0.376319111319
227	0.379741397518
227	0.382873400969
228	0.374589758566
228	0.398756417463
228	0.365623012701
229	0.385825029671
229	0.382146483402
229	0.371705238681
230	0.371994329766
230	0.390775295573
230	0.377377631746
231	0.371324978862
231	0.366013469354
231	0.403009036908
232	0.398113773333
232	0.38124421205
232	0.361473699713
233	0.359891907262
233	0.387614705037
233	0.393776144003
234	0.405596682237
234	0.368946023537
234	0.367257236951
235	0.386693053095
235	0.406588254426
235	0.348801598701
236	0.374800935835
236	0.395178358695
236	0.372623443502
237	0.364088586164
237	0.388339558051
237	0.390778311377
238	0.425794741652
238	0.353546697475
238	0.363711329598
239	0.413037244484
239	0.346730286815
239	0.384194495953
240	0.355842051933
240	0.37967181725
240	0.408710699025
241	0.366152951521
241	0.401628365524
241	0.376980016058
242	0.38184646201
242	0.401909471033
242	0.361539775121
243	0.369317046219
243	0.394965821585
243	0.381644462591
244	0.399949298374
244	0.375208499304
244	0.37124671319
245	0.365592635439
245	0.395513242461
245	0.385387294703
246	0.373609877366
246	0.410069212191
246	0.363487298999
247	0.360538187241
247	0.377092198003
247	0.409714800369
248	0.373680035378
248	0.370524052527
248	0.403913412344
249	0.39022275462
249	0.351994804969
249	0.405866636051
250	0.375060057712
250	0.372140135135
250	0.40134390339
251	0.389422590847
251	0.372502946736
251	0.387521067598
252	0.397240706287
252	0.357366980261
252	0.395246800142
253	0.379727119468
253	0.403285679984
253	0.367319653882
254	0.385294900928
254	0.375165209827
254	0.390225642633
255	0.395224646254
255	0.355253325937
255	0.400633781613
256	0.382761551087
256	0.365751305924
256	0.402539059523
257	0.38410360075
257	0.400072441444
257	0.367931783889
258	0.38301032214
258	0.400882179291
258	0.368902682088
259	0.386222066426
259	0.406778396618
259	0.36011661176
260	0.37939062003
260	0.402193479207
260	0.372133863422
261	0.423791418513
261	0.348038239299
261	0.382166191071
262	0.399810593666
262	0.37410830324
262	0.380775394396
263	0.400370766812
263	0.371115602516
263	0.383585970661
264	0.379955445716
264	0.40465538541
264	0.370815143667
265	0.379607202296
265	0.41850965418
265	0.35774415124
266	0.389407348441
266	0.386571313197
266	0.380592716121
267	0.40808503337
267	0.392731370632
267	0.356382496951
268	0.40089657148
268	0.37815901783
268	0.378641272365
269	0.399253461229
269	0.39334455601
269	0.365582199844
270	0.37459452124
270	0.386644945906
270	0.397493718437
271	0.382044866325
271	0.374681596778
271	0.402000200369
272	0.388736097434
272	0.353055955363
272	0.417029999285
273	0.391938260678
273	0.395142840304
273	0.373394119618
274	0.38018616225
274	0.361934032077
274	0.418327713729
275	0.369219000998
275	0.390212130624
275	0.401757599903
276	0.422905626801
276	0.363960489636
276	0.375310519768
277	0.404076007767
277	0.405384268364
277	0.353324789826
278	0.396721276768
278	0.387932576564
278	0.378674364777
279	0.402800387996
279	0.362084522604
279	0.399117279976
280	0.388230797528
280	0.398087519467
280	0.37852549611
281	0.384138213478
281	0.391063469061
281	0.390172100529
282	0.380854489526
282	0.391904416003
282	0.393397974298
283	0.389387186155
283	0.399114805016
283	0.378221114845
284	0.413766319454
284	0.390845860231
284	0.36286026499
285	0.403915156721
285	0.362767052117
285	0.401643197991
286	0.369110543916
286	0.378088187933
286	0.422017876877
287	0.410206948066
287	0.384184505566
287	0.375858848866
288	0.360206573276
288	0.393215881292
288	0.417402859887
289	0.369344997115
289	0.400036546159
289	0.402080171252
290	0.389621272895
290	0.365937928894
290	0.417219389076
291	0.376527287922
291	0.389841195483
291	0.407655704704
292	0.381791266753
292	0.388419534451
292	0.404820975585
293	0.405505704616
293	0.390912527653
293	0.379586995263
294	0.410887649993
294	0.415216076811
294	0.351028875262
295	0.400033320512
295	0.412010922172
295	0.366357372327
296	0.404629485248
296	0.353356674016
296	0.420937905062
297	0.406632734877
297	0.379266713474
297	0.394574743283
298	0.399269664096
298	0.431438656185
298	0.350951544716
299	0.361779664615
299	0.413726418965
299	0.406929773167
300	0.413560529591
300	0.376562174333
300	0.393743136963
301	0.393304884324
301	0.38736892808
301	0.404032574964
302	0.367048331597
302	0.399800296025
302	0.418442525901
303	0.385513033455
303	0.3778522415
303	0.423801708523
304	0.358056475639
304	0.418843508712
304	0.410806857071
305	0.405514250812
305	0.402525989863
305	0.381290386525
306	0.407465804631
306	0.377741103257
306	0.405080979236
307	0.382476893911
307	0.408557502983
307	0.400363369142
308	0.442512413633
308	0.391052160579
308	0.358406502892
309	0.423778332762
309	0.377740408019
309	0.391630840171
310	0.38948757762
310	0.409675526406
310	0.394765657746
311	0.379206801774
311	0.383912137729
311	0.431331989006
312	0.385280235828
312	0.409119764788
312	0.400887060496
313	0.381570074294
313	0.425700132456
313	0.389070839124
314	0.403785522048
314	0.410599162755
314	0.382770250898
315	0.375516835336
315	0.418368637793
315	0.403782953298
316	0.362555529807
316	0.45330022106
316	0.382202503429
317	0.438513132196
317	0.404686683325
317	0.355904599394
318	0.424051295501
318	0.394834887703
318	0.380823660298
319	0.412989710964
319	0.394762650485
319	0.392499133068
320	0.389644195829
320	0.415457142617
320	0.395754650607
321	0.377879856658
321	0.414025079972
321	0.40950553301
322	0.353992243926
322	0.407941647421
322	0.439653376855
323	0.437304875191
323	0.381214545829
323	0.383882749872
324	0.376312686161
324	0.402192828269
324	0.423773685318
325	0.413621609114
325	0.387925979286
325	0.401918725982
326	0.415263826651
326	0.403741760439
326	0.384840702582
327	0.401167635124
327	0.382976428463
327	0.419843911735
328	0.413946072922
328	0.419376539397
328	0.371461026108
329	0.385631848342
329	0.407828471064
329	0.411683994724
330	0.372896079006
330	0.429655695018
330	0.402885716457
331	0.383169750327
331	0.413315621659
331	0.409608501048
332	0.384264945249
332	0.384700605688
332	0.43715322971
333	0.396925808946
333	0.395904217934
333	0.41408228747
334	0.382523854777
334	0.388795192333
334	0.435833760971
335	0.396674240601
335	0.399207816771
335	0.41178431316
336	0.413883336078
336	0.39680684017
336	0.397525920306
337	0.402575587763
337	0.393520976661
337	0.412404973221
338	0.372821037386
338	0.394198897638
338	0.441710163851
339	0.434973763025
339	0.373468063949
339	0.400623249499
340	0.439460641757
340	0.383473976853
340	0.386797915147
341	0.442200826954
341	0.384434053618
341	0.383448732857
342	0.389345445397
342	0.416228298695
342	0.40475213989
343	0.361787258426
343	0.453277556442
343	0.395173164903
344	0.377932542525
344	0.420874646724
344	0.412051547353
345	0.360490581001
345	0.420281317294
345	0.430143233165
346	0.406192028162
346	0.405044813945
346	0.40036354395
347	0.372403625864
347	0.385661335868
347	0.453610415661
348	0.400139656483
348	0.407085192244
348	0.404957972903
349	0.431158924845
349	0.362171683029
349	0.419260690441
350	0.3860623775
350	0.423707631263
350	0.403400477324
351	0.384158822721
351	0.386660226474
351	0.442433652977
352	0.415968455764
352	0.386330482985
352	0.411444488661
353	0.442814160396
353	0.358137190008
353	0.413203043044
354	0.439819286379
354	0.36667051833
354	0.407415607397
355	0.379214301161
355	0.424140850988
355	0.411196212183
356	0.399806050058
356	0.390173528735
356	0.425070785176
357	0.405977365019
357	0.443428424362
357	0.36607752379
358	0.443955708473
358	0.388029385908
358	0.383946452988
359	0.427930135166
359	0.360833186143
359	0.427220686872
360	0.387837607539
360	0.398995039262
360	0.42933197606
361	0.409316398568
361	0.414123206013
361	0.393366744631
362	0.388022656034
362	0.369585208907
362	0.45912982671
363	0.435687530501
363	0.362248727625
363	0.419087604229
364	0.40052577347
364	0.392233508666
364	0.424804629533
365	0.410303124957
365	0.425515341654
365	0.381985008269
366	0.452445593927
366	0.414136974072
366	0.351642166311
367	0.404751461456
367	0.387298446464
367	0.426658454858
368	0.410909117205
368	0.393985756548
368	0.414017216334
369	0.404295375165
369	0.377637871547
369	0.437117660055
370	0.411690425678
370	0.423497598261
370	0.384334425811
371	0.383008169913
371	0.420384945637
371	0.416361748089
372	0.428644457467
372	0.382986708473
372	0.408731480509
373	0.407858619947
373	0.397768323436
373	0.414711592134
374	0.408286558514
374	0.434300951866
374	0.377945047812
375	0.411157752304
375	0.413535132181
375	0.396510575679
376	0.388301113039
376	0.420203933685
376	0.412817820595
377	0.404035912879
377	0.416476185795
377	0.40129649098
378	0.397566850819
378	0.40819621543
378	0.416157285141
379	0.403293768865
379	0.41313429267
379	0.406032541843
380	0.431645926928
380	0.416819874914
380	0.374276125125
381	0.403492539671
381	0.402661241261
381	0.416855785551
382	0.383951136734
382	0.409207198362
382	0.430110434114
383	0.433605023848
383	0.383204185575
383	0.406777453336
384	0.378075357511
384	0.428753877388
384	0.416923206906
385	0.396896971537
385	0.42295951853
385	0.404366528522
386	0.39519443419
386	0.416031053423
386	0.413216795069
387	0.365394404598
387	0.422907526706
387	0.43612275608
388	0.396127138803
388	0.421191813967
388	0.407504283438
389	0.434655634439
389	0.417578975407
389	0.373207768335
390	0.417053985244
390	0.417372023784
390	0.391438777344
391	0.448014247115
391	0.373323191212
391	0.404667007358
392	0.429051370541
392	0.403154551406
392	0.394116461405
393	0.439983083322
393	0.407510472221
393	0.37917946091
394	0.433059004318
394	0.413456031935
394	0.380398005508
395	0.401859181413
395	0.362494068664
395	0.462421032993
396	0.374128741993
396	0.407319223352
396	0.445928983629
397	0.415645078689
397	0.418158136654
397	0.394023080635
398	0.440477924483
398	0.418370052159
398	0.369242520743
399	0.392472665968
399	0.407577195804
399	0.427992270769
400	0.412448377899
400	0.411231025968
400	0.404821533411
401	0.365577252107
401	0.419892386399
401	0.442984656679
402	0.387486188945
402	0.463505253508
402	0.378055869032
403	0.432527140816
403	0.405002072811
403	0.392128307566
404	0.428260672005
404	0.435166743545
404	0.366131398298
405	0.39242123999
405	0.405624686237
405	0.43194285837
406	0.409152814563
406	0.391152608567
406	0.429958148248
407	0.462450446385
407	0.381290497636
407	0.386962482918
408	0.470680949572
408	0.365633966863
408	0.394526262931
409	0.403947306579
409	0.390951447538
409	0.436245092745
410	0.394454644541
410	0.411784296011
410	0.425315476879
411	0.385029884322
411	0.445827177186
411	0.401005998125
412	0.423450695556
412	0.427372738144
412	0.381216550288
413	0.398643112077
413	0.418840406296
413	0.414750343207
414	0.424211644718
414	0.403752023722
414	0.404909666359
415	0.406230017651
415	0.430745600586
415	0.395938111873
416	0.403257578733
416	0.432319826647
416	0.397659004033
417	0.393450423934
417	0.431024661056
417	0.409126915415
418	0.396899842337
418	0.4008636585
418	0.435796013782
419	0.4296196553
419	0.428520382616
419	0.376046383703
420	0.447814791695
420	0.369545889218
420	0.416831524434
421	0.390426184982
421	0.433443671425
421	0.410860932455
422	0.359189001509
422	0.428585230902
422	0.446900319648
423	0.425381913109
423	0.429402493933
423	0.380546351034
424	0.420001268475
424	0.399974235594
424	0.415482225975
425	0.408117132975
425	0.431760079558
425	0.395953817922
426	0.465935448261
426	0.355860521152
426	0.414214528253
427	0.408232159487
427	0.42292905411
427	0.405088385807
428	0.401591718028
428	0.440856707402
428	0.394203804927
429	0.418786820843
429	0.406019500676
429	0.41229388523
430	0.415702401072
430	0.402133029212
430	0.419064626715
431	0.355865129837
431	0.43067978828
431	0.450700811969
432	0.394963074533
432	0.422879158133
432	0.419938389784
433	0.401941762118
433	0.449914806815
433	0.386138621343
434	0.410816751937
434	0.433629332133
434	0.393910112771
435	0.398407821314
435	0.444860253806
435	0.395404339063
436	0.439309955115
436	0.386340067107
436	0.413162242946
437	0.44869389717
437	0.426475045725
437	0.364079024877
438	0.402642866721
438	0.441220720337
438	0.395654069502
439	0.383639778468
439	0.427848213018
439	0.427845129853
440	0.397116079966
440	0.450084893753
440	0.392601715757
441	0.434712956608
441	0.397482060869
441	0.407997313964
442	0.434738570085
442	0.39361020626
442	0.412304601368
443	0.400289078444
443	0.365049134981
443	0.474897955727
444	0.378190016948
444	0.451820200097
444	0.410753203283
445	0.461310650364
445	0.388311007163
445	0.391409938999
446	0.389396354531
446	0.474091885319
446	0.377711859737
447	0.411072322772
447	0.39198116255
447	0.43892739249
448	0.389884924347
448	0.418755011871
448	0.433525443921
449	0.439226885042
449	0.399083679657
449	0.404087749428
450	0.414464292771
450	0.406626016016
450	0.42158227586
451	0.366067838756
451	0.419665259794
451	0.457078215929
452	0.424156380675
452	0.423081553067
452	0.396199868684
453	0.430175394962
453	0.404182575989
453	0.409141079433
454	0.401166634944
454	0.419185004536
454	0.423325567937
455	0.416404950273
455	0.446093655866
455	0.381453593338
456	0.402762099988
456	0.460891939299
456	0.380412901687
457	0.41502567808
457	0.449469671739
457	0.380010797986
458	0.410897785878
458	0.432111691667
458	0.401818475307
459	0.40212828814
459	0.431794248968
459	0.410881065
460	0.401338923526
460	0.421098587893
460	0.423002504418
461	0.426855872844
461	0.391825231216
461	0.427141165123
462	0.41243146089
462	0.414265374193
462	0.419247499902
463	0.439687904718
463	0.402167706467
463	0.404258442892
464	0.416173396767
464	0.411109651238
464	0.419037004547
465	0.428845588205
465	0.452694543864
465	0.365164232723
466	0.419772155457
466	0.424177747917
466	0.40312033608
467	0.359385373313
467	0.464216563755
467	0.423078920843
468	0.45381365371
468	0.435122226706
468	0.358672686834
469	0.391989058015
469	0.431278297035
469	0.424238049202
470	0.38008468877
470	0.428178993612
470	0.439677803264
471	0.366159108202
471	0.46464594371
471	0.417262787349
472	0.424245827635
472	0.444103999465
472	0.380230773418
473	0.438769387851
473	0.38141486914
473	0.428700147514
474	0.482959098561
474	0.373663604826
474	0.392381707128
475	0.383958099587
475	0.437798381277
475	0.427633062693
476	0.419038315315
476	0.409855059242
476	0.420815693907
477	0.389048916144
477	0.431972891529
477	0.428289176928
478	0.451785635125
478	0.384927662643
478	0.413520783921
479	0.420554001851
479	0.394261153163
479	0.435656615198
480	0.366906086192
480	0.441523378122
480	0.44206493776
481	0.413114515825
481	0.429105150992
481	0.408752762963
482	0.373047248952
482	0.473121498129
482	0.404656424561
483	0.410598293132
483	0.39399823393
483	0.446794488198
484	0.424673580926
484	0.428210601059
484	0.398930532556
485	0.406945882693
485	0.435049664361
485	0.409738524585
486	0.45698727824
486	0.391443703099
486	0.403749100196
487	0.382256308025
487	0.431063644685
487	0.438915635679
488	0.404690577621
488	0.453958560729
488	0.394081615112
489	0.367586275502
489	0.428785191201
489	0.456376211673
490	0.47103256173
490	0.373754850889
490	0.408277563964
491	0.413159651246
491	0.429148859735
491	0.411028299567
492	0.42317652445
492	0.422835933752
492	0.40755104196
493	0.399901958426
493	0.46084244431
493	0.39298852653
494	0.466871424595
494	0.39654382267
494	0.390837955316
495	0.436798738238
495	0.423964577035
495	0.393578921272
496	0.399010784589
496	0.405708500382
496	0.449815572794
497	0.40550322406
497	0.443179220926
497	0.406386004272
498	0.442872760149
498	0.399099238212
498	0.413403501161
499	0.453527063347
499	0.392708020738
499	0.408901606483
500	0.387490031219
500	0.412231082424
500	0.45590029119
501	0.450763655753
501	0.374354625771
501	0.430813442831
502	0.421828859442
502	0.420020628252
502	0.414528764566
503	0.434310008044
503	0.42686244017
503	0.395296251396
504	0.400317947626
504	0.407046307636
504	0.449342525018
505	0.456744125131
505	0.416510929322
505	0.383877809487
506	0.383157007706
506	0.46841347229
506	0.405541873377
507	0.436127575991
507	0.415456857457
507	0.405914679753
508	0.435981744858
508	0.396149304439
508	0.425608224147
509	0.396637643145
509	0.439653479442
509	0.421723961405
510	0.404012986798
510	0.420465747868
510	0.43384201583
511	0.448814030303
511	0.423990556636
511	0.385676053881
512	0.415039188661
512	0.42308844917
512	0.420293573807
513	0.419092866581
513	0.418192272497
513	0.421805956383
514	0.384615225252
514	0.4738954827
514	0.400260986719
515	0.408651129685
515	0.441403246699
515	0.409182291129
516	0.413704977343
516	0.391475577222
516	0.454499236335
517	0.399806420915
517	0.437255894653
517	0.422920579444
518	0.428465791257
518	0.406866461791
518	0.424941638673
519	0.401912495824
519	0.42992265384
519	0.428450671075
520	0.396085050054
520	0.437869256227
520	0.426708800423
521	0.390009511465
521	0.453724979175
521	0.417173983769
522	0.377885262696
522	0.455905199436
522	0.427158537357
523	0.422905614068
523	0.43965063374
523	0.398623633444
524	0.370398319454
524	0.44772436371
524	0.443443639482
525	0.411437168446
525	0.438468543865
525	0.411967639177
526	0.413567357578
526	0.415821996955
526	0.432907372287
527	0.388640744927
527	0.390995993329
527	0.482321841877
528	0.40244409201
528	0.453617473648
528	0.406429170507
529	0.420624811979
529	0.419230576532
529	0.423033387451
530	0.387926370424
530	0.456915329413
530	0.418310789676
531	0.41451954228
531	0.441059871085
531	0.407944294466
532	0.398162207002
532	0.433823833685
532	0.431526836465
533	0.42724229975
533	0.414956004091
533	0.421557337119
534	0.390775562063
534	0.455114825287
534	0.41821932353
535	0.426336753289
535	0.421161598099
535	0.416792702052
536	0.440540095112
536	0.430878309275
536	0.393232292154
537	0.417249970313
537	0.409995047601
537	0.437313436226
538	0.437130852946
538	0.450876804064
538	0.377134052613
539	0.429623318582
539	0.442283755992
539	0.393546823063
540	0.412383908349
540	0.420239177334
540	0.432992171279
541	0.404217776866
541	0.441196461114
541	0.420185529178
542	0.43846792505
542	0.419007931184
542	0.40853309223
543	0.419021559942
543	0.429088274758
543	0.418208387865
544	0.437842234146
544	0.44103607506
544	0.387751772713
545	0.40417807565
545	0.464071650756
545	0.398535848852
546	0.391430834971
546	0.45714280682
546	0.41827172329
547	0.426840687044
547	0.414365274579
547	0.426128392592
548	0.440189362269
548	0.394149102653
548	0.433023155783
549	0.430760504461
549	0.411266940518
549	0.425377984837
550	0.449297285696
550	0.431394935689
550	0.387382858966
551	0.43593940629
551	0.412250042036
551	0.4199869871
552	0.405793446723
552	0.445220177638
552	0.417468189605
553	0.401292058175
553	0.436035888439
553	0.431333295376
554	0.378894574051
554	0.429167489138
554	0.46058467207
555	0.450708790567
555	0.399485627059
555	0.41894334324
556	0.395840571126
556	0.452387868138
556	0.42096471163
557	0.42972544968
557	0.419306080032
557	0.420656647573
558	0.418432450506
558	0.416827887644
558	0.434595214533
559	0.436006521402
559	0.406552178132
559	0.427194122567
560	0.422828462367
560	0.411792822715
560	0.435729689304
561	0.39576087474
561	0.459590520243
561	0.415045807958
562	0.417964854861
562	0.43818409122
562	0.414558505642
563	0.410798561667
563	0.397818944385
563	0.461740023363
564	0.432500609681
564	0.435860964148
564	0.402880032108
565	0.440071445481
565	0.428394543443
565	0.402930800082
566	0.406538473726
566	0.424961516522
566	0.439730244774
567	0.435107546044
567	0.441384091514
567	0.395210425365
568	0.436670739058
568	0.392412760825
568	0.442911652373
569	0.43458812762
569	0.443437990153
569	0.394522320378
570	0.4431532034
570	0.423590735497
570	0.406000991298
571	0.413696559531
571	0.451748446762
571	0.407491326766
572	0.412986256889
572	0.413935564921
572	0.446000731875
573	0.447181480557
573	0.405359416087
573	0.420980483888
574	0.412484860564
574	0.456365595884
574	0.404345627218
575	0.435491140982
575	0.417365202453
575	0.421016597884
576	0.439045010641
576	0.414277168191
576	0.420778832754
577	0.398243028705
577	0.471229697029
577	0.404080777716
578	0.479196639297
578	0.36623547048
578	0.428643523372
579	0.437112089366
579	0.438858854912
579	0.398926194174
580	0.389214207836
580	0.439649458637
580	0.446012973865
581	0.38062774355
581	0.457583259301
581	0.43700359006
582	0.429717936854
582	0.397160826159
582	0.44859866511
583	0.404892528471
583	0.395901649188
583	0.474576426049
584	0.44372371625
584	0.456070978752
584	0.376077329234
585	0.401982368605
585	0.484177529414
585	0.389989057968
586	0.400959702745
586	0.399704123145
586	0.475101354662
587	0.422256492488
587	0.433374184261
587	0.421156715837
588	0.437699235164
588	0.425871188935
588	0.413280377958
589	0.426555521245
589	0.419571836665
589	0.430912001207
590	0.437659487815
590	0.409204145191
590	0.430672565469
591	0.399267503991
591	0.472347179316
591	0.405693512095
592	0.441239808585
592	0.421644037331
592	0.415026720027
593	0.413444336279
593	0.461991630749
593	0.402763692625
594	0.436057978896
594	0.415956215222
594	0.425835736166
595	0.419515390038
595	0.430554214296
595	0.428295696335
596	0.405822435092
596	0.454439636493
596	0.418574336025
597	0.43378341788
597	0.422571200518
597	0.422848333297
598	0.447782029933
598	0.407705163172
598	0.423936666307
599	0.405257848228
599	0.429805069759
599	0.444300258204
600	0.432380809159
600	0.401025040614
600	0.445983919828
601	0.478726576112
601	0.425897132594
601	0.375305637981
602	0.447579728201
602	0.438232859106
602	0.394609008747
603	0.423181732589
603	0.450241465545
603	0.407199745144
604	0.41495794266
604	0.420972016939
604	0.444542113652
605	0.399221667009
605	0.445296729318
605	0.43628484178
606	0.393053969788
606	0.45063979277
606	0.43742055898
607	0.442630759835
607	0.416050259854
607	0.4227386256
608	0.431775588945
608	0.409090173887
608	0.440920346913
609	0.460424715075
609	0.399267156948
609	0.422288211364
610	0.451170827013
610	0.423613879562
610	0.407624707787
611	0.383557492825
611	0.42542059914
611	0.472956758711
612	0.422435899943
612	0.454942024757
612	0.405419607113
613	0.422498458057
613	0.408654693143
613	0.451723134141
614	0.474126115234
614	0.384843969989
614	0.423800052411
615	0.44446440832
615	0.383848178532
615	0.455089996675
616	0.423419218231
616	0.41663696431
616	0.443508703178
617	0.377956928252
617	0.491346174596
617	0.414309885006
618	0.409187543121
618	0.384794343463
618	0.489884047481
619	0.440131515648
619	0.407484627036
619	0.436916467321
620	0.378622630639
620	0.467266693605
620	0.438617323618
621	0.448784324772
621	0.414978078838
621	0.421392152856
622	0.420705005423
622	0.440580624316
622	0.424060588055
623	0.463119475245
623	0.394259110392
623	0.428026688724
624	0.408397650661
624	0.420840618262
624	0.45645928128
625	0.409380873326
625	0.479685828172
625	0.396352938036
626	0.379231103752
626	0.436590617305
626	0.47030147886
627	0.417884433492
627	0.427755036123
627	0.441073685905
628	0.462872533412
628	0.409764307861
628	0.414213981249
629	0.408630250699
629	0.461451483568
629	0.417152240331
630	0.402101927984
630	0.408016616957
630	0.476696117386
631	0.441110025179
631	0.429202511941
631	0.417549033132
632	0.440867897582
632	0.429015291313
632	0.418066556397
633	0.456582433826
633	0.369999034275
633	0.461565976615
634	0.454699806717
634	0.408277173499
634	0.42580440436
635	0.436667676532
635	0.449440440025
635	0.402908467688
636	0.412976206522
636	0.403715965262
636	0.471887490394
637	0.453396470828
637	0.417377393709
637	0.418772623132
638	0.438137892348
638	0.41067335385
638	0.441070614063
639	0.476619604894
639	0.404061118397
639	0.409415938634
640	0.425741327849
640	0.472621714807
640	0.39213695313
641	0.433829961122
641	0.396026853532
641	0.46050995096
642	0.437711539144
642	0.412052856472
642	0.441282430174
643	0.390653217626
643	0.472253040166
643	0.428552901503
644	0.440471244958
644	0.401476596234
644	0.449320985795
645	0.411469019355
645	0.455273535252
645	0.425308409005
646	0.408096427297
646	0.42060477268
646	0.46334814017
647	0.426170073714
647	0.431795007056
647	0.434489165401
648	0.446581629071
648	0.396717372444
648	0.449239064172
649	0.394424771788
649	0.451493113838
649	0.447476449193
650	0.410011058649
650	0.428062272067
650	0.455606392311
651	0.382400778678
651	0.43069054429
651	0.480745096978
652	0.389357580214
652	0.448654615782
652	0.456323922499
653	0.412187193494
653	0.455807903386
653	0.426911065409
654	0.425950059587
654	0.420449606727
654	0.448921676059
655	0.43847157141
655	0.460748855865
655	0.396324678914
656	0.476869855908
656	0.381895013689
656	0.436895977531
657	0.454104152389
657	0.445594089384
657	0.396874001366
658	0.430070984746
658	0.437949500049
658	0.428759183389
659	0.423492329647
659	0.411909845273
659	0.461639792521
660	0.429639260584
660	0.444157237083
660	0.424020746164
661	0.429622261143
661	0.390644323214
661	0.477575887309
662	0.444666533589
662	0.443557892027
662	0.410445952191
663	0.429404479375
663	0.429414871214
663	0.440086502192
664	0.434936543002
664	0.428364125635
664	0.435962605809
665	0.424071818956
665	0.431625094465
665	0.443960846534
666	0.4228534018
666	0.434344985997
666	0.443129397132
667	0.41369811317
667	0.431139501246
667	0.455890258887
668	0.392293562906
668	0.46514049449
668	0.44355393969
669	0.446554251993
669	0.444790035278
669	0.410419396831
670	0.384678459954
670	0.458060555086
670	0.459152620377
671	0.406953927666
671	0.467268097082
671	0.428227633688
672	0.430380640873
672	0.425131127919
672	0.447591805661
673	0.473735317288
673	0.447596104498
673	0.382239620351
674	0.412731102081
674	0.48020725072
674	0.410581800141
675	0.452163257525
675	0.458773308324
675	0.393387450344
676	0.399444209317
676	0.447965237078
676	0.457360901786
677	0.433579271936
677	0.434187542104
677	0.437327309365
678	0.435110745979
678	0.444760505666
678	0.426023952792
679	0.420207018172
679	0.437972569412
679	0.447685996166
680	0.464523486315
680	0.415967152977
680	0.426354596357
681	0.447862715062
681	0.417708052128
681	0.441642850642
682	0.452032914691
682	0.40662776204
682	0.448834575011
683	0.412093350047
683	0.464431115039
683	0.431673910109
684	0.478788621064
684	0.427887262366
684	0.401977827752
685	0.426864915002
685	0.497045708217
685	0.384937907575
686	0.435460432328
686	0.426631189223
686	0.447446282648
687	0.448025429113
687	0.456598389337
687	0.405266439613
688	0.475052119236
688	0.403496108975
688	0.431855075177
689	0.378983992911
689	0.474378955597
689	0.457273674846
690	0.44042803866
690	0.428639472278
690	0.442007595457
691	0.451579530483
691	0.43855438087
691	0.421277212893
692	0.402668704263
692	0.433349927656
692	0.47590098633
693	0.433872442807
693	0.431807291741
693	0.446701827296
694	0.453801677094
694	0.418052062757
694	0.440934683965
695	0.405313277011
695	0.428506818721
695	0.479066512072
696	0.454558491789
696	0.429081634816
696	0.43024876962
697	0.415627613808
697	0.432563053136
697	0.465823671989
698	0.435679250339
698	0.446485171353
698	0.432530935823
699	0.484078080314
699	0.43163734975
699	0.39922383414
700	0.415166822542
700	0.501202239438
700	0.398889878191
701	0.371349297922
701	0.497201780155
701	0.446911349594
702	0.437254279685
702	0.421082149023
702	0.457897780535
703	0.43246468862
703	0.440777867298
703	0.443104369299
704	0.452622395866
704	0.431890719063
704	0.432558417477
705	0.464254527962
705	0.437153792433
705	0.416089777558
706	0.460488013337
706	0.435151189628
706	0.421826593455
707	0.45011425144
707	0.434584179752
707	0.433320739329
708	0.431971804771
708	0.433558751537
708	0.453064353368
709	0.451099898587
709	0.46510449188
709	0.402784338872
710	0.427119666626
710	0.454708422632
710	0.437476863135
711	0.402583112646
711	0.43584802597
711	0.481040321192
712	0.478902497959
712	0.447425979943
712	0.393534147226
713	0.452125983656
713	0.403785010488
713	0.464325216022
714	0.441278072935
714	0.448389403461
714	0.431079709808
715	0.468108933646
715	0.449758141058
715	0.403163062501
716	0.424819540731
716	0.447637849417
716	0.448674676041
717	0.448569679022
717	0.451564762539
717	0.421727834581
718	0.469374920461
718	0.450124612879
718	0.402571830493
719	0.4275550704
719	0.466714664755
719	0.428246856646
720	0.441918990211
720	0.446127287601
720	0.434920193794
721	0.422568605996
721	0.452863199046
721	0.44784256343
722	0.435301667575
722	0.466725630071
722	0.421541470017
723	0.396889780743
723	0.470610579429
723	0.455988337362
724	0.421813840432
724	0.452947084953
724	0.449388669684
725	0.430997363542
725	0.4398994395
725	0.453811349287
726	0.46341805507
726	0.423627405306
726	0.437972473661
727	0.461547228005
727	0.416903518705
727	0.44662259642
728	0.43702791097
728	0.407715941435
728	0.48058483998
729	0.45861910508
729	0.41952425065
729	0.447647861913
730	0.430321989979
730	0.441254003095
730	0.454795180651
731	0.460314401787
731	0.409919797418
731	0.456480194769
732	0.479610062798
732	0.439633555939
732	0.407200990109
733	0.432941816409
733	0.438073605118
733	0.456366642797
734	0.453091392537
734	0.473263707517
734	0.401165843965
735	0.454078587188
735	0.412019334901
735	0.461811674522
736	0.451575751872
736	0.43618071839
736	0.440680226389
737	0.433851445471
737	0.465383892494
737	0.429248438237
738	0.484874577991
738	0.383848811864
738	0.460271216413
739	0.418839466629
739	0.459759588325
739	0.450567531098
740	0.480923153123
740	0.43632959135
740	0.412514675712
741	0.45435488022
741	0.464966939159
741	0.410717524248
742	0.487538529891
742	0.42126570512
742	0.421468990961
743	0.419814081194
743	0.439647149038
743	0.470842547925
744	0.471010636061
744	0.416246050504
744	0.443705564002
745	0.453085935767
745	0.455774808442
745	0.422528517365
746	0.467822072627
746	0.456477603545
746	0.407394060616
747	0.454835348141
747	0.420829754891
747	0.456273044713
748	0.482829816812
748	0.440183290184
748	0.409017173881
749	0.423480454785
749	0.453097856046
749	0.455931427997
750	0.45030914076
750	0.456799703053
750	0.425790167927
751	0.44368217997
751	0.435199964742
751	0.454336661537
752	0.434902810933
752	0.487226028817
752	0.411173333867
753	0.417891769788
753	0.474813726478
753	0.44119470776
754	0.500594643539
754	0.424366051719
754	0.408982672898
755	0.443395199868
755	0.453125922242
755	0.437675918982
756	0.447326065189
756	0.480808037839
756	0.406442717447
757	0.454831616711
757	0.391549187684
757	0.488242670303
758	0.421620644633
758	0.42882980301
758	0.484840732698
759	0.451132342469
759	0.44466195709
759	0.440032021278
760	0.476415089687
760	0.408312693061
760	0.451253249282
761	0.445667930705
761	0.425927459006
761	0.46469781422
762	0.414091546015
762	0.44422053948
762	0.478204459132
763	0.469208543593
763	0.433696515499
763	0.433940183834
764	0.425534307582
764	0.461306977509
764	0.450402736287
765	0.435313726825
765	0.460565542975
765	0.441583965223
766	0.44581636078
766	0.438931788203
766	0.453199414077
767	0.439669157803
767	0.443078394512
767	0.455225002641
768	0.422840566358
768	0.457856177999
768	0.457740610403
769	0.489778198893
769	0.422638342746
769	0.425852057483
770	0.451436112379
770	0.442504608346
770	0.444783806908
771	0.425132418842
771	0.496672832978
771	0.416697364564
772	0.446119736596
772	0.472022684884
772	0.421462264175
773	0.438683379453
773	0.422911252107
773	0.478483711677
774	0.445117363768
774	0.439448332649
774	0.455789002734
775	0.43774058209
775	0.489487199255
775	0.413468269436
776	0.440416447877
776	0.461898609662
776	0.438741217416
777	0.462822035041
777	0.442467011641
777	0.435822626281
778	0.472464919528
778	0.457084982694
778	0.412113304654
779	0.448113764248
779	0.44276485939
779	0.451087276236
780	0.425913328317
780	0.505035860437
780	0.411073963069
781	0.422791439918
781	0.488306643114
781	0.431284006508
782	0.421479847335
782	0.429884603208
782	0.49122581694
783	0.438785253837
783	0.461720330525
783	0.442684952511
784	0.44765929031
784	0.468467468267
784	0.427190605987
785	0.458656478114
785	0.475923702652
785	0.408974959562
786	0.431971879703
786	0.424441414636
786	0.487458517976
787	0.459404151225
787	0.416591923734
787	0.468292917536
788	0.460104199147
788	0.456980466754
788	0.42762833857
789	0.461861532359
789	0.46650487442
789	0.41666761812
790	0.45481469374
790	0.461741796046
790	0.428313613447
791	0.47772214891
791	0.455708844406
791	0.412106598233
792	0.434236749905
792	0.421105235941
792	0.490294307122
793	0.488278402317
793	0.443713999915
793	0.413857187714
794	0.458159637595
794	0.427162734353
794	0.460810732307
795	0.466992515807
795	0.434568914447
795	0.4446036144
796	0.473324827304
796	0.463893340137
796	0.409388859161
797	0.432370940906
797	0.423091795685
797	0.491892633252
798	0.429812470855
798	0.447636521235
798	0.470154212813
799	0.40893783224
799	0.433145005428
799	0.505533183559
800	0.445098266641
800	0.438519115736
800	0.464673691054
801	0.439330999991
801	0.434488084184
801	0.47461613859
802	0.447078026721
802	0.460737028305
802	0.440977030785
803	0.403606638051
803	0.475428314753
803	0.469845983967
804	0.476502936467
804	0.418503698281
804	0.454429638965
805	0.425749173951
805	0.467426608261
805	0.456467383115
806	0.451301002142
806	0.457771571948
806	0.440781683257
807	0.445085209005
807	0.437761779671
807	0.467309509089
808	0.48790151207
808	0.427112571297
808	0.43563050132
809	0.489194065926
809	0.427054144412
809	0.434707126701
810	0.418779519146
810	0.48835382213
810	0.443712774318
811	0.446985307195
811	0.461031843778
811	0.443198798663
812	0.430111643799
812	0.444960373444
812	0.476726120696
813	0.464553703396
813	0.43864582338
813	0.448985074604
814	0.457483207717
814	0.461642664063
814	0.433265184568
815	0.474092836496
815	0.436532153974
815	0.442107992998
816	0.417678000109
816	0.425405530753
816	0.509681412313
817	0.431295324558
817	0.449001157511
817	0.473005835623
818	0.437622153545
818	0.475296053251
818	0.440177340627
819	0.461747269225
819	0.476052424507
819	0.416127177239
820	0.431083470213
820	0.439444470347
820	0.483504279607
821	0.455346780863
821	0.47488651626
821	0.423874953543
822	0.490086608521
822	0.399113858778
822	0.46560849716
823	0.432292991769
823	0.476819667945
823	0.446032774014
824	0.463147482514
824	0.417261121111
824	0.474703582614
825	0.458369088998
825	0.460247304789
825	0.437143597294
826	0.47631532875
826	0.444914855279
826	0.434436752285
827	0.459978080155
827	0.469327190003
827	0.42674671977
828	0.461386405393
828	0.475466893112
828	0.419792583714
829	0.426684424577
829	0.46398812959
829	0.466252930051
830	0.478686647312
830	0.430527039149
830	0.44800481722
831	0.462166142288
831	0.482583825624
831	0.412801326937
832	0.457461374922
832	0.431173363967
832	0.468918770588
833	0.47396903565
833	0.43896193266
833	0.445249762714
834	0.491405996496
834	0.434279005667
834	0.432711770259
835	0.450924723174
835	0.496372111898
835	0.411240605764
836	0.492391414986
836	0.464457238961
836	0.402166026561
837	0.464640525266
837	0.462709907003
837	0.431895318535
838	0.466788108886
838	0.433984447401
838	0.458829461914
839	0.461955422934
839	0.452971236517
839	0.444995189421
840	0.425605544365
840	0.493668883988
840	0.440798980463
841	0.464837833292
841	0.469977333624
841	0.425572701297
842	0.509587415797
842	0.415299116165
842	0.435890094303
843	0.438187602739
843	0.441879359218
843	0.481035813741
844	0.447690021468
844	0.441480445525
844	0.472167736247
845	0.459407323548
845	0.450191225003
845	0.452134449918
846	0.478323798974
846	0.439926603979
846	0.44371070332
847	0.451646762987
847	0.451348805764
847	0.45875160073
848	0.458118218861
848	0.466026369436
848	0.438393628962
849	0.413262661404
849	0.492084636094
849	0.457325090845
850	0.450094290053
850	0.476224285397
850	0.43683121988
851	0.433369425742
851	0.461909780206
851	0.468116507628
852	0.436292635262
852	0.476194674154
852	0.451127531353
853	0.469109875771
853	0.433731694527
853	0.461163220989
854	0.449177605163
854	0.437591250805
854	0.477183278685
855	0.431251199648
855	0.464356948821
855	0.469008884955
856	0.437956758494
856	0.46271743418
856	0.464041454329
857	0.465590647613
857	0.433998332234
857	0.465639234381
858	0.481633709255
858	0.434103409513
858	0.449711622716
859	0.479083958639
859	0.455866322935
859	0.430818574193
860	0.453563461505
860	0.450537613533
860	0.461982343168
861	0.445744495652
861	0.497778293079
861	0.422635284867
862	0.469075368834
862	0.465866796508
862	0.431589722552
863	0.423556758104
863	0.452582518176
863	0.490438400294
864	0.46398308769
864	0.433951481384
864	0.46910489466
865	0.482475783164
865	0.464380103072
865	0.420397275257
866	0.479790761271
866	0.434838940646
866	0.453126587192
867	0.471398213762
867	0.449846971442
867	0.446644574971
868	0.474634867988
868	0.415764887048
868	0.477966407797
869	0.424252203488
869	0.469964208596
869	0.474380967444
870	0.439442413447
870	0.475900318273
870	0.453505840021
871	0.468376667424
871	0.464674210739
871	0.436208304957
872	0.448739224708
872	0.476791369287
872	0.443804210671
873	0.485123367422
873	0.415450292708
873	0.469234714679
874	0.433952318832
874	0.477888670148
874	0.458257554069
875	0.4578790846
875	0.47702434614
875	0.435541090088
876	0.448213087736
876	0.46018145892
876	0.46212920592
877	0.490873477783
877	0.459856506793
877	0.420094494519
878	0.443838050582
878	0.47952662759
878	0.447359776623
879	0.44318208441
879	0.478779241971
879	0.449401347353
880	0.454332841309
880	0.472835406751
880	0.444451435163
881	0.451792985158
881	0.439324644822
881	0.480526014614
882	0.44374302188
882	0.485023725314
882	0.443384086288
883	0.475223470556
883	0.417026239675
883	0.479462848533
884	0.406625353059
884	0.484964161587
884	0.480904177589
885	0.428853433961
885	0.460366203911
885	0.484015548832
886	0.442361124873
886	0.468411242998
886	0.462725757547
887	0.438354403133
887	0.467907759543
887	0.467599969646
888	0.509525739793
888	0.424577002346
888	0.439794005641
889	0.457634432116
889	0.491023126869
889	0.425498727307
890	0.438644878656
890	0.486166414302
890	0.449795113595
891	0.395671302764
891	0.494360813687
891	0.484812664031
892	0.451000440558
892	0.496250367641
892	0.42803660422
893	0.481280823308
893	0.471859359915
893	0.422526149897
894	0.431958173964
894	0.490589668179
894	0.453396249633
895	0.456182120447
895	0.474389189789
895	0.445512993606
896	0.492854771205
896	0.444512997745
896	0.43841603286
897	0.485356599473
897	0.442441546357
897	0.448986305874
898	0.422651251005
898	0.485432073953
898	0.468945097335
899	0.469943840838
899	0.450702849202
899	0.456596755114
900	0.437085174537
900	0.461871610559
900	0.478629862247
901	0.465439528713
901	0.4533577352
901	0.458713556757
902	0.483255558834
902	0.423774028284
902	0.471161354873
903	0.498484044598
903	0.428809299996
903	0.450933446003
904	0.439190667442
904	0.47545061426
904	0.464028956736
905	0.439414954732
905	0.463626508918
905	0.476060044811
906	0.451930691886
906	0.444202377709
906	0.483217487419
907	0.482227199719
907	0.454363615907
907	0.44306169037
908	0.466374196105
908	0.473904359287
908	0.439619164598
909	0.455479918752
909	0.442634652833
909	0.481711508737
910	0.467872686556
910	0.504945271251
910	0.407558478563
911	0.455741246385
911	0.480608377823
911	0.444272965521
912	0.44221065292
912	0.458705435992
912	0.479962686723
913	0.479356495102
913	0.442344074993
913	0.459637434648
914	0.44202990931
914	0.469454910585
914	0.470147820325
915	0.475524404813
915	0.483374116781
915	0.422544944613
916	0.506273807895
916	0.435889920093
916	0.440037362173
917	0.467711691942
917	0.472952000384
917	0.441917437952
918	0.482364727188
918	0.455961754358
918	0.444215419705
919	0.468312372937
919	0.460716386699
919	0.453865826373
920	0.463522533786
920	0.458091085265
920	0.46174310513
921	0.451893320023
921	0.50346958363
921	0.428162671459
922	0.523726276702
922	0.443784842478
922	0.416137192599
923	0.454986561965
923	0.486884577365
923	0.442078213955
924	0.513254550531
924	0.428435691517
924	0.442660708073
925	0.465924664138
925	0.459321722394
925	0.459527250456
926	0.485790508695
926	0.446042029757
926	0.453104374462
927	0.450907463255
927	0.437314735913
927	0.496937929189
928	0.414283524187
928	0.468327351976
928	0.502729183203
929	0.453082363963
929	0.447263339159
929	0.485520278981
930	0.481188126577
930	0.440594294264
930	0.46434373669
931	0.479355230649
931	0.441726996454
931	0.465195750867
932	0.472374082591
932	0.465018779137
932	0.448909543158
933	0.477633033815
933	0.444639931872
933	0.464710828327
934	0.447302135739
934	0.451272416899
934	0.488682473685
935	0.458544593325
935	0.43304114376
935	0.495837902595
936	0.415612445284
936	0.476730067854
936	0.495307686241
937	0.491739918997
937	0.467373040852
937	0.428965543315
938	0.502538162771
938	0.459022169964
938	0.426635887119
939	0.500141012564
939	0.460950079119
939	0.427433062817
940	0.503479693251
940	0.448729762272
940	0.436739449243
941	0.46862589958
941	0.470088426014
941	0.450431045951
942	0.499722982757
942	0.440810620305
942	0.448792946755
943	0.465805583079
943	0.453421193764
943	0.470619479964
944	0.438643572203
944	0.508479294312
944	0.442819720955
945	0.488446624085
945	0.458871600076
945	0.443086099504
946	0.50078734455
946	0.411960326001
946	0.477565976444
947	0.515400461793
947	0.42739522556
947	0.447595281876
948	0.467132838653
948	0.465582274346
948	0.458510734836
949	0.474634013267
949	0.466804956804
949	0.450084631834
950	0.4848805318
950	0.464728048201
950	0.441944438157
951	0.44962804067
951	0.482345140981
951	0.460046244319
952	0.507750013104
952	0.45031987432
952	0.433795482572
953	0.480424438016
953	0.452803110825
953	0.45920218876
954	0.498251773271
954	0.445218158395
954	0.449192522704
955	0.445017490061
955	0.475703627765
955	0.472457956349
956	0.497262154196
956	0.468176248911
956	0.427778937982
957	0.502219651705
957	0.431414685649
957	0.460067640558
958	0.464162296916
958	0.456324385654
958	0.473372467127
959	0.480631660672
959	0.442060089584
959	0.471430387546
960	0.485346831147
960	0.465134637521
960	0.444108355945
961	0.457815957479
961	0.455231602461
961	0.48169906244
962	0.478970167061
962	0.450396410253
962	0.465617691877
963	0.438016533725
963	0.474684441021
963	0.482522996995
964	0.489106874781
964	0.442622511287
964	0.463945478875
965	0.458093876017
965	0.441897280566
965	0.495694119309
966	0.464081330249
966	0.486845108203
966	0.445264834335
967	0.460084482978
967	0.500956360796
967	0.435385717087
968	0.460225594457
968	0.453039735312
968	0.483074092255
969	0.464940311745
969	0.484514180811
969	0.447612548375
970	0.485083682633
970	0.458860979683
970	0.453401701092
971	0.46813776138
971	0.456825978317
971	0.472627623108
972	0.475267943842
972	0.479557753189
972	0.442909925809
973	0.471145685853
973	0.417495598117
973	0.509343348996
974	0.447885423679
974	0.464809931043
974	0.485658320984
975	0.449755908769
975	0.453838301245
975	0.494582133144
976	0.474897586973
976	0.436571146443
976	0.487476875169
977	0.493483559821
977	0.444315364634
977	0.461071488316
978	0.455679246747
978	0.453249768132
978	0.490251059692
979	0.469692595681
979	0.464353244641
979	0.465386150695
980	0.438650831692
980	0.486886112624
980	0.474233224765
981	0.49080180266
981	0.449465099939
981	0.45962704327
982	0.489026415923
982	0.450159197769
982	0.461384461548
983	0.461645614522
983	0.481552655875
983	0.457640868278
984	0.503491526682
984	0.468525565981
984	0.429235117942
985	0.461452095088
985	0.457667926765
985	0.482122722712
986	0.482912819008
986	0.461639887685
986	0.457185342601
987	0.471925700145
987	0.487190686194
987	0.442923871613
988	0.50861490602
988	0.441288502894
988	0.452329537386
989	0.453526315511
989	0.470761215367
989	0.478315571989
990	0.448593016381
990	0.4587796044
990	0.49544267768
991	0.43271378699
991	0.500963163429
991	0.469389321312
992	0.495645773515
992	0.475162279563
992	0.432578648006
993	0.471407551143
993	0.47025541142
993	0.461504525981
994	0.495461419036
994	0.436567772897
994	0.471714726774
995	0.461548997215
995	0.477964400314
995	0.464742520347
996	0.450802166139
996	0.484368329138
996	0.469232898533
997	0.490377431616
997	0.477549299102
997	0.436833470229
998	0.501159423674
998	0.463812252949
998	0.44000882376
999	0.433662883184
999	0.491514312238
999	0.479811891768
% error in test set:	16.2374659759